make all --print-data-base --no-builtin-variables --no-builtin-rules --question
# GNU Make 3.81
# Copyright (C) 2006  Free Software Foundation, Inc.
# This is free software; see the source for copying conditions.
# There is NO warranty; not even for MERCHANTABILITY or FITNESS FOR A
# PARTICULAR PURPOSE.

# This program built for i386-apple-darwin11.3.0
 
make: *** No rule to make target `all'.  Stop.


# Make data base, printed on Sun Jun 12 04:39:28 2022

# Variables

# environment
 
VSCODE_GIT_ASKPASS_MAIN = /Applications/Visual Studio Code.app/Contents/Resources/app/extensions/git/dist/askpass-main.js
# automatic
<D = $(patsubst %/,%,$(dir $<))
# automatic
?F = $(notdir $?)
# environment
VSCODE_LOG_NATIVE = false
# environment
NVM_INC = /Users/sungminyou/.nvm/versions/node/v16.4.1/include/node
# automatic
?D = $(patsubst %/,%,$(dir $?))
# automatic
@D = $(patsubst %/,%,$(dir $@))
# automatic
@F = $(notdir $@)
# makefile
CURDIR := /Users/sungminyou/Workspace/personal/github-markdown-toc
# makefile
SHELL = /bin/sh
# environment
VSCODE_NLS_CONFIG = {"locale":"ko","availableLanguages":{"*":"ko"},"_languagePackId":"94d04f8e2ade75eed3e2f1e9c4fab2ee.ko","_translationsConfigFile":"/Users/sungminyou/Library/Application Support/Code/clp/94d04f8e2ade75eed3e2f1e9c4fab2ee.ko/tcf.json","_cacheRoot":"/Users/sungminyou/Library/Application Support/Code/clp/94d04f8e2ade75eed3e2f1e9c4fab2ee.ko","_resolvedLanguagePackCoreLocation":"/Users/sungminyou/Library/Application Support/Code/clp/94d04f8e2ade75eed3e2f1e9c4fab2ee.ko/4af164ea3a06f701fe3e89a2bcbb421d2026b68f","_corruptedFile":"/Users/sungminyou/Library/Application Support/Code/clp/94d04f8e2ade75eed3e2f1e9c4fab2ee.ko/corrupted.info","_languagePackSupport":true}
# environment
_ = /usr/bin/make
# makefile (from `Makefile', line 1)
MAKEFILE_LIST :=  Makefile
# environment
VSCODE_VERBOSE_LOGGING = true
# environment
__CFBundleIdentifier = com.microsoft.VSCode
# environment
INFOPATH = /opt/homebrew/share/info:/opt/homebrew/share/info:/opt/homebrew/share/info:
# environment
P9K_SSH = 0
# environment
VSCODE_IPC_HOOK_EXTHOST = /var/folders/t_/tmbtn7d17r75nbrh0nwjy6yh0000gn/T/vscode-ipc-c07742cf-4838-469a-941d-a9537be1a988.sock
# environment
VSCODE_CWD = /Users/sungminyou/Workspace/personal/github-markdown-toc
# environment
PATH = /opt/homebrew/opt/postgresql@13/bin:/Users/sungminyou/.nvm/versions/node/v16.4.1/bin:/Users/sungminyou/.rbenv/shims:/Users/sungminyou/.rbenv/bin:/opt/homebrew/bin:/opt/homebrew/sbin:/usr/local/bin:/usr/bin:/bin:/usr/sbin:/sbin:/Library/Apple/usr/bin:/opt/homebrew/opt/postgresql@13/bin:/Users/sungminyou/.nvm/versions/node/v16.4.1/bin:/Users/sungminyou/.rbenv/shims:/Users/sungminyou/.rbenv/bin:/opt/homebrew/bin:/opt/homebrew/sbin:/Library/Java/JavaVirtualMachines/zulu-11.jdk/Contents/Home/bin:/Library/Java/JavaVirtualMachines/zulu-11.jdk/Contents/Home/bin
# environment
LSCOLORS = Gxfxcxdxbxegedabagacad
# environment
NVM_BIN = /Users/sungminyou/.nvm/versions/node/v16.4.1/bin
# environment
VSCODE_LOG_STACK = false
# environment
ELECTRON_RUN_AS_NODE = 1
# default
.FEATURES := target-specific order-only second-expansion else-if archives jobserver check-symlink
# environment
SSH_AUTH_SOCK = /var/folders/t_/tmbtn7d17r75nbrh0nwjy6yh0000gn/T//ssh-9Xp7wxjH9M8t/agent.1677
# automatic
%F = $(notdir $%)
# environment
VSCODE_PIPE_LOGGING = true
# environment
PWD = /Users/sungminyou/Workspace/personal/github-markdown-toc
# environment
HOMEBREW_CELLAR = /opt/homebrew/Cellar
# environment
SSH_AGENT_PID = 1679
# environment
ORIGINAL_XDG_CURRENT_DESKTOP = undefined
# environment
MANPATH = /Users/sungminyou/.nvm/versions/node/v16.4.1/share/man:/opt/homebrew/share/man:/usr/share/man:/usr/local/share/man:/Users/sungminyou/.nvm/versions/node/v16.4.1/share/man:/opt/homebrew/share/man:
# environment
VSCODE_AMD_ENTRYPOINT = vs/workbench/api/node/extensionHostProcess
# environment
HOME = /Users/sungminyou
# default
MAKEFILEPATH := /Applications/Xcode.app/Contents/Developer/Makefiles
# environment
VSCODE_CODE_CACHE_PATH = /Users/sungminyou/Library/Application Support/Code/CachedData/4af164ea3a06f701fe3e89a2bcbb421d2026b68f
# environment
LOGNAME = sungminyou
# environment
APPLICATION_INSIGHTS_NO_DIAGNOSTIC_CHANNEL = 1
# environment
NVM_CD_FLAGS = -q
# environment
ZSH = /Users/sungminyou/.oh-my-zsh
# environment
VSCODE_HANDLES_UNCAUGHT_ERRORS = true
# automatic
^D = $(patsubst %/,%,$(dir $^))
# environment
MAKELEVEL := 0
# environment
XPC_FLAGS = 0x0
# environment
COLORTERM = truecolor
# default
MAKE = $(MAKE_COMMAND)
# environment
LC_TERMINAL = iTerm2
# environment
SHLVL = 3
# environment
JAVA_HOME = /Library/Java/JavaVirtualMachines/zulu-11.jdk/Contents/Home
# default
MAKE_VERSION := 3.81
# environment
USER = sungminyou
# makefile
.DEFAULT_GOAL := release
# default
MAKECMDGOALS := all
# environment
TERM_SESSION_ID = w0t0p0:1A000F8B-D09B-4A3B-9106-21C1B30DC6A7
# environment
LESS = -R
 
# automatic
%D = $(patsubst %/,%,$(dir $%))
# default
MAKE_COMMAND := /Applications/Xcode.app/Contents/Developer/usr/bin/make
# environment
VSCODE_GIT_ASKPASS_EXTRA_ARGS = --ms-enable-electron-run-as-node
# environment
TERM_PROGRAM = vscode
# default
.VARIABLES := 
# environment
TMPDIR = /var/folders/t_/tmbtn7d17r75nbrh0nwjy6yh0000gn/T/
# automatic
*F = $(notdir $*)
# environment
VSCODE_IPC_HOOK = /Users/sungminyou/Library/Application Support/Code/1.68.0-main.sock
# environment
VSCODE_GIT_ASKPASS_NODE = /Applications/Visual Studio Code.app/Contents/Frameworks/Code Helper.app/Contents/MacOS/Code Helper
# makefile
MAKEFLAGS = Rrqp
# environment
MFLAGS = -Rrqp
# automatic
*D = $(patsubst %/,%,$(dir $*))
# environment
TERM_PROGRAM_VERSION = 1.68.0
# environment
NVM_DIR = /Users/sungminyou/.nvm
# environment
XPC_SERVICE_NAME = application.com.microsoft.VSCode.36001828.36001834.9EE9D706-C75A-4903-9617-6185F2414755
# environment
LC_TERMINAL_VERSION = 3.4.15
# environment
HOMEBREW_PREFIX = /opt/homebrew
# automatic
+D = $(patsubst %/,%,$(dir $+))
# automatic
+F = $(notdir $+)
# environment
ITERM_SESSION_ID = w0t0p0:1A000F8B-D09B-4A3B-9106-21C1B30DC6A7
# environment
HOMEBREW_REPOSITORY = /opt/homebrew
# environment
COLORFGBG = 7;0
# environment
__CF_USER_TEXT_ENCODING = 0x1F5:0x3:0x33
# environment
COMMAND_MODE = unix2003
# environment
GIT_ASKPASS = /Applications/Visual Studio Code.app/Contents/Resources/app/extensions/git/dist/askpass.sh
# default
MAKEFILES := 
# environment
RBENV_SHELL = zsh
# automatic
<F = $(notdir $<)
# environment
ITERM_PROFILE = Default
# environment
EDITOR = /opt/homebrew/bin/nvim
# environment
PAGER = less
# environment
LC_ALL = C
# environment
P9K_TTY = old
# automatic
^F = $(notdir $^)
# default
SUFFIXES := 
# default
.INCLUDE_DIRS = /usr/local/include
# environment
VSCODE_GIT_IPC_HANDLE = /var/folders/t_/tmbtn7d17r75nbrh0nwjy6yh0000gn/T/vscode-git-d377f5eda8.sock
# environment
LANG = C
# environment
TERM = xterm-256color
# environment
_P9K_TTY = /dev/ttys001
# environment
VSCODE_PID = 23088
# variable set hash-table stats:
# Load=97/1024=9%, Rehash=0, Collisions=8/121=7%

# Pattern-specific Variable Values

# No pattern-specific variable values.

# Directories

# . (device 16777230, inode 36099344): 12 files, no impossibilities.

# 12 files, no impossibilities in 1 directories.

# Implicit Rules

# No implicit rules.

# Files

# Not a target:
all:
#  Command-line target.
#  Implicit rule search has been done.
#  File does not exist.
#  File has not been updated.
# variable set hash-table stats:
# Load=0/32=0%, Rehash=0, Collisions=0/0=0%

# Not a target:
.SUFFIXES:
#  Implicit rule search has not been done.
#  Modification time never checked.
#  File has not been updated.

# Not a target:
Makefile:
#  Implicit rule search has been done.
#  Last modified 2022-06-11 16:39:32
#  File has been updated.
#  Successfully updated.
# variable set hash-table stats:
# Load=0/32=0%, Rehash=0, Collisions=0/0=0%

test:
#  Implicit rule search has not been done.
#  Modification time never checked.
#  File has not been updated.
#  commands to execute (from `Makefile', line 6):
	@bats tests
	

release: test lint
#  Implicit rule search has not been done.
#  Modification time never checked.
#  File has not been updated.
#  commands to execute (from `Makefile', line 2):
	@git tag `grep -o -E '[0-9]\.[0-9]\.[0-9]{1,2}' gh-md-toc`
	@git push --tags origin master
	

# Not a target:
.DEFAULT:
#  Implicit rule search has not been done.
#  Modification time never checked.
#  File has not been updated.

lint:
#  Implicit rule search has not been done.
#  Modification time never checked.
#  File has not been updated.
#  commands to execute (from `Makefile', line 9):
	@shellcheck -e SC2008 gh-md-toc
	

# files hash-table stats:
# Load=7/1024=1%, Rehash=0, Collisions=0/21=0%
# VPATH Search Paths

# No `vpath' search paths.

# No general (`VPATH' variable) search path.

# # of strings in strcache: 1
# # of strcache buffers: 1
# strcache size: total = 4096 / max = 4096 / min = 4096 / avg = 4096
# strcache free: total = 4087 / max = 4087 / min = 4087 / avg = 4087

# Finished Make data base on Sun Jun 12 04:39:28 2022

 
